<?xml version="1.0" encoding="UTF-8"?>
<!-- Generated by org.testng.reporters.JUnitXMLReporter -->
<testsuite hostname="BELUS2655-MBP" name="Test" tests="7" failures="4" timestamp="27 Sep 2019 03:42:27 GMT" time="1.323" errors="0">
  <testcase name="getBusinessesById" time="0.874" classname="com.business.testCases.TestBusinessIds"/>
  <testcase name="getBusinessesByIncorrectURL" time="0.013" classname="com.business.testCases.TestBusinessIds">
    <failure type="java.lang.AssertionError" message="expected [404] but found [200]">
      <![CDATA[java.lang.AssertionError: expected [404] but found [200]
	at com.business.testCases.TestBusinessIds.getBusinessesByIncorrectURL(TestBusinessIds.java:148)
... Removed 29 stack frames]]>
    </failure>
  </testcase> <!-- getBusinessesByIncorrectURL -->
  <testcase name="getBusinessesByNonExistingIds" time="0.013" classname="com.business.testCases.TestBusinessIds">
    <failure type="java.lang.AssertionError" message="expected [400] but found [200]">
      <![CDATA[java.lang.AssertionError: expected [400] but found [200]
	at com.business.testCases.TestBusinessIds.getBusinessesByNonExistingIds(TestBusinessIds.java:115)
... Removed 29 stack frames]]>
    </failure>
  </testcase> <!-- getBusinessesByNonExistingIds -->
  <testcase name="getBusinesses" time="0.278" classname="com.business.testCases.TestBusinesses"/>
  <testcase name="getBusinessesByIncorrectURL" time="0.012" classname="com.business.testCases.TestBusinesses">
    <failure type="java.lang.AssertionError" message="expected [404] but found [200]">
      <![CDATA[java.lang.AssertionError: expected [404] but found [200]
	at com.business.testCases.TestBusinesses.getBusinessesByIncorrectURL(TestBusinesses.java:124)
... Removed 29 stack frames]]>
    </failure>
  </testcase> <!-- getBusinessesByIncorrectURL -->
  <testcase name="getSummarySales" time="0.057" classname="com.summarySales.testCases.TestSummarySales"/>
  <testcase name="getSummarySalesByIncorrectURL" time="0.012" classname="com.summarySales.testCases.TestSummarySales">
    <failure type="java.lang.AssertionError" message="expected [404] but found [200]">
      <![CDATA[java.lang.AssertionError: expected [404] but found [200]
	at com.summarySales.testCases.TestSummarySales.getSummarySalesByIncorrectURL(TestSummarySales.java:132)
... Removed 29 stack frames]]>
    </failure>
  </testcase> <!-- getSummarySalesByIncorrectURL -->
</testsuite> <!-- Test -->
