<?xml version="1.0" encoding="UTF-8"?>
<!-- Generated by org.testng.reporters.JUnitXMLReporter -->
<testsuite hostname="BELUS2655-MBP" name="Test" tests="7" failures="4" timestamp="27 Sep 2019 04:47:13 GMT" time="1.509" errors="0">
  <testcase name="getBusinessesById" time="1.039" classname="com.business.testCases.TestBusinessIds"/>
  <testcase name="getBusinessesByIncorrectURL" time="0.013" classname="com.business.testCases.TestBusinessIds">
    <failure type="java.lang.AssertionError" message="expected [404] but found [200]">
      <![CDATA[java.lang.AssertionError: expected [404] but found [200]
	at com.business.testCases.TestBusinessIds.getBusinessesByIncorrectURL(TestBusinessIds.java:155)
... Removed 29 stack frames]]>
    </failure>
  </testcase> <!-- getBusinessesByIncorrectURL -->
  <testcase name="getBusinessesByNonExistingIds" time="0.014" classname="com.business.testCases.TestBusinessIds">
    <failure type="java.lang.AssertionError" message="expected [400] but found [200]">
      <![CDATA[java.lang.AssertionError: expected [400] but found [200]
	at com.business.testCases.TestBusinessIds.getBusinessesByNonExistingIds(TestBusinessIds.java:119)
... Removed 29 stack frames]]>
    </failure>
  </testcase> <!-- getBusinessesByNonExistingIds -->
  <testcase name="getBusinesses" time="0.296" classname="com.business.testCases.TestBusinesses"/>
  <testcase name="getBusinessesByIncorrectURL" time="0.009" classname="com.business.testCases.TestBusinesses">
    <failure type="java.lang.AssertionError" message="expected [404] but found [200]">
      <![CDATA[java.lang.AssertionError: expected [404] but found [200]
	at com.business.testCases.TestBusinesses.getBusinessesByIncorrectURL(TestBusinesses.java:126)
... Removed 29 stack frames]]>
    </failure>
  </testcase> <!-- getBusinessesByIncorrectURL -->
  <testcase name="getSummarySales" time="0.052" classname="com.summarySales.testCases.TestSummarySales"/>
  <testcase name="getSummarySalesByIncorrectURL" time="0.011" classname="com.summarySales.testCases.TestSummarySales">
    <failure type="java.lang.AssertionError" message="expected [404] but found [200]">
      <![CDATA[java.lang.AssertionError: expected [404] but found [200]
	at com.summarySales.testCases.TestSummarySales.getSummarySalesByIncorrectURL(TestSummarySales.java:136)
... Removed 29 stack frames]]>
    </failure>
  </testcase> <!-- getSummarySalesByIncorrectURL -->
</testsuite> <!-- Test -->
