<?xml version="1.0" encoding="UTF-8"?>
<!-- Generated by org.testng.reporters.JUnitXMLReporter -->
<testsuite hostname="BELUS2655-MBP" name="SmokeTests" tests="3" failures="0" timestamp="27 Sep 2019 03:42:37 GMT" time="1.378" errors="0">
  <testcase name="getBusinessesById" time="0.941" classname="com.business.testCases.TestBusinessIds"/>
  <testcase name="getBusinesses" time="0.31" classname="com.business.testCases.TestBusinesses"/>
  <testcase name="getSummarySales" time="0.056" classname="com.summarySales.testCases.TestSummarySales"/>
</testsuite> <!-- SmokeTests -->
