<?xml version="1.0" encoding="UTF-8"?>
<!-- Generated by org.testng.reporters.JUnitXMLReporter -->
<testsuite hostname="BELUS2655-MBP" name="SmokeTests" tests="3" failures="0" timestamp="27 Sep 2019 04:47:18 GMT" time="1.376" errors="0">
  <testcase name="getBusinessesById" time="1.01" classname="com.business.testCases.TestBusinessIds"/>
  <testcase name="getBusinesses" time="0.255" classname="com.business.testCases.TestBusinesses"/>
  <testcase name="getSummarySales" time="0.039" classname="com.summarySales.testCases.TestSummarySales"/>
</testsuite> <!-- SmokeTests -->
