<?xml version="1.0" encoding="UTF-8"?>
<testng-results skipped="0" failed="0" total="3" passed="3">
  <reporter-output>
  </reporter-output>
  <suite name="SmokeTests" duration-ms="1378" started-at="2019-09-27T03:42:36Z" finished-at="2019-09-27T03:42:37Z">
    <groups>
      <group name="smokeTests">
        <method signature="TestBusinessIds.getBusinessesById()[pri:0, instance:com.business.testCases.TestBusinessIds@5f375618]" name="getBusinessesById" class="com.business.testCases.TestBusinessIds"/>
        <method signature="TestBusinesses.getBusinesses()[pri:0, instance:com.business.testCases.TestBusinesses@396a51ab]" name="getBusinesses" class="com.business.testCases.TestBusinesses"/>
        <method signature="TestSummarySales.getSummarySales()[pri:0, instance:com.summarySales.testCases.TestSummarySales@51081592]" name="getSummarySales" class="com.summarySales.testCases.TestSummarySales"/>
      </group> <!-- smokeTests -->
    </groups>
    <test name="SmokeTests" duration-ms="1378" started-at="2019-09-27T03:42:36Z" finished-at="2019-09-27T03:42:37Z">
      <class name="com.business.testCases.TestBusinesses">
        <test-method status="PASS" signature="setup()[pri:0, instance:com.business.testCases.TestBusinesses@396a51ab]" name="setup" is-config="true" duration-ms="1" started-at="2019-09-26T21:42:37Z" finished-at="2019-09-26T21:42:37Z">
          <reporter-output>
          </reporter-output>
        </test-method> <!-- setup -->
        <test-method status="PASS" signature="getBusinesses()[pri:0, instance:com.business.testCases.TestBusinesses@396a51ab]" name="getBusinesses" duration-ms="310" started-at="2019-09-26T21:42:37Z" finished-at="2019-09-26T21:42:37Z">
          <reporter-output>
          </reporter-output>
        </test-method> <!-- getBusinesses -->
      </class> <!-- com.business.testCases.TestBusinesses -->
      <class name="com.summarySales.testCases.TestSummarySales">
        <test-method status="PASS" signature="setup()[pri:0, instance:com.summarySales.testCases.TestSummarySales@51081592]" name="setup" is-config="true" duration-ms="1" started-at="2019-09-26T21:42:37Z" finished-at="2019-09-26T21:42:37Z">
          <reporter-output>
          </reporter-output>
        </test-method> <!-- setup -->
        <test-method status="PASS" signature="getSummarySales()[pri:0, instance:com.summarySales.testCases.TestSummarySales@51081592]" name="getSummarySales" duration-ms="56" started-at="2019-09-26T21:42:37Z" finished-at="2019-09-26T21:42:37Z">
          <reporter-output>
          </reporter-output>
        </test-method> <!-- getSummarySales -->
      </class> <!-- com.summarySales.testCases.TestSummarySales -->
      <class name="com.business.testCases.TestBusinessIds">
        <test-method status="PASS" signature="setup()[pri:0, instance:com.business.testCases.TestBusinessIds@5f375618]" name="setup" is-config="true" duration-ms="57" started-at="2019-09-26T21:42:36Z" finished-at="2019-09-26T21:42:36Z">
          <reporter-output>
          </reporter-output>
        </test-method> <!-- setup -->
        <test-method status="PASS" signature="getBusinessesById()[pri:0, instance:com.business.testCases.TestBusinessIds@5f375618]" name="getBusinessesById" duration-ms="941" started-at="2019-09-26T21:42:36Z" finished-at="2019-09-26T21:42:37Z">
          <reporter-output>
          </reporter-output>
        </test-method> <!-- getBusinessesById -->
      </class> <!-- com.business.testCases.TestBusinessIds -->
    </test> <!-- SmokeTests -->
  </suite> <!-- SmokeTests -->
</testng-results>
